<?xml version="1.0" encoding="UTF-8"?>
<!-- Generated by org.testng.reporters.JUnitReportReporter -->
<testsuite hostname="LAPTOP-NK8C0KR9" failures="0" tests="1" name="cucumberOptions.TestNgTestRunner" time="0.071" errors="0" timestamp="2022-08-29T08:52:02 IST" skipped="0">
  <testcase classname="cucumberOptions.TestNgTestRunner" name="runScenario" time="0.071"/>
  <system-out/>
</testsuite> <!-- cucumberOptions.TestNgTestRunner -->
